2023-08-29T09:20:27
/home/runner/work/aprg/aprg/ZZZ_OldProjects/SackReader/SackReader/src/CommonTypes.cpp:22:30: warning: parameter name 'in' is too short, expected at least 3 characters [readability-identifier-length]
/home/runner/work/aprg/aprg/ZZZ_OldProjects/SackReader/SackReader/src/CommonTypes.cpp:43:30: warning: parameter name 'in' is too short, expected at least 3 characters [readability-identifier-length]
/home/runner/work/aprg/aprg/ZZZ_OldProjects/SackReader/SackReader/src/CommonTypes.cpp:62:30: warning: parameter name 'in' is too short, expected at least 3 characters [readability-identifier-length]
/home/runner/work/aprg/aprg/ZZZ_OldProjects/SackReader/SackReader/src/CommonTypes.cpp:81:30: warning: parameter name 'in' is too short, expected at least 3 characters [readability-identifier-length]
/home/runner/work/aprg/aprg/ZZZ_OldProjects/SackReader/SackReader/src/CommonTypes.cpp:102:30: warning: parameter name 'in' is too short, expected at least 3 characters [readability-identifier-length]
/home/runner/work/aprg/aprg/ZZZ_OldProjects/SackReader/SackReader/src/CommonTypes.cpp:125:30: warning: parameter name 'in' is too short, expected at least 3 characters [readability-identifier-length]
/home/runner/work/aprg/aprg/ZZZ_OldProjects/SackReader/SackReader/src/CommonTypes.cpp:147:30: warning: parameter name 'in' is too short, expected at least 3 characters [readability-identifier-length]
/home/runner/work/aprg/aprg/ZZZ_OldProjects/SackReader/SackReader/src/CommonTypes.cpp:169:30: warning: parameter name 'in' is too short, expected at least 3 characters [readability-identifier-length]
/home/runner/work/aprg/aprg/ZZZ_OldProjects/SackReader/SackReader/src/CommonTypes.hpp:26:51: warning: parameter name 'in' is too short, expected at least 3 characters [readability-identifier-length]
/home/runner/work/aprg/aprg/ZZZ_OldProjects/SackReader/SackReader/src/CommonTypes.hpp:41:51: warning: parameter name 'in' is too short, expected at least 3 characters [readability-identifier-length]
/home/runner/work/aprg/aprg/ZZZ_OldProjects/SackReader/SackReader/src/CommonTypes.hpp:56:51: warning: parameter name 'in' is too short, expected at least 3 characters [readability-identifier-length]
/home/runner/work/aprg/aprg/ZZZ_OldProjects/SackReader/SackReader/src/CommonTypes.hpp:72:51: warning: parameter name 'in' is too short, expected at least 3 characters [readability-identifier-length]
/home/runner/work/aprg/aprg/ZZZ_OldProjects/SackReader/SackReader/src/CommonTypes.hpp:91:51: warning: parameter name 'in' is too short, expected at least 3 characters [readability-identifier-length]
/home/runner/work/aprg/aprg/ZZZ_OldProjects/SackReader/SackReader/src/CommonTypes.hpp:111:51: warning: parameter name 'in' is too short, expected at least 3 characters [readability-identifier-length]
/home/runner/work/aprg/aprg/ZZZ_OldProjects/SackReader/SackReader/src/CommonTypes.hpp:129:51: warning: parameter name 'in' is too short, expected at least 3 characters [readability-identifier-length]
/home/runner/work/aprg/aprg/ZZZ_OldProjects/SackReader/SackReader/src/CommonTypes.hpp:148:51: warning: parameter name 'in' is too short, expected at least 3 characters [readability-identifier-length]
/home/runner/work/aprg/aprg/ZZZ_OldProjects/SackReader/SackReader/src/CommonTypes.hpp:11:8: warning: constructor does not initialize these fields: isUsedInIfs [cppcoreguidelines-pro-type-member-init,hicpp-member-init]
/home/runner/work/aprg/aprg/ZZZ_OldProjects/SackReader/SackReader/src/CommonTypes.hpp:26:51: warning: parameter name 'in' is too short, expected at least 3 characters [readability-identifier-length]
/home/runner/work/aprg/aprg/ZZZ_OldProjects/SackReader/SackReader/src/CommonTypes.hpp:29:8: warning: constructor does not initialize these fields: isUsedInIfs [cppcoreguidelines-pro-type-member-init,hicpp-member-init]
/home/runner/work/aprg/aprg/ZZZ_OldProjects/SackReader/SackReader/src/CommonTypes.hpp:41:51: warning: parameter name 'in' is too short, expected at least 3 characters [readability-identifier-length]
/home/runner/work/aprg/aprg/ZZZ_OldProjects/SackReader/SackReader/src/CommonTypes.hpp:56:51: warning: parameter name 'in' is too short, expected at least 3 characters [readability-identifier-length]
/home/runner/work/aprg/aprg/ZZZ_OldProjects/SackReader/SackReader/src/CommonTypes.hpp:59:8: warning: constructor does not initialize these fields: isUsedInIfs [cppcoreguidelines-pro-type-member-init,hicpp-member-init]
/home/runner/work/aprg/aprg/ZZZ_OldProjects/SackReader/SackReader/src/CommonTypes.hpp:72:51: warning: parameter name 'in' is too short, expected at least 3 characters [readability-identifier-length]
/home/runner/work/aprg/aprg/ZZZ_OldProjects/SackReader/SackReader/src/CommonTypes.hpp:75:8: warning: constructor does not initialize these fields: isAnArray [cppcoreguidelines-pro-type-member-init,hicpp-member-init]
/home/runner/work/aprg/aprg/ZZZ_OldProjects/SackReader/SackReader/src/CommonTypes.hpp:91:51: warning: parameter name 'in' is too short, expected at least 3 characters [readability-identifier-length]
/home/runner/work/aprg/aprg/ZZZ_OldProjects/SackReader/SackReader/src/CommonTypes.hpp:94:8: warning: constructor does not initialize these fields: isMessage, isUsedInIfs [cppcoreguidelines-pro-type-member-init,hicpp-member-init]
/home/runner/work/aprg/aprg/ZZZ_OldProjects/SackReader/SackReader/src/CommonTypes.hpp:111:51: warning: parameter name 'in' is too short, expected at least 3 characters [readability-identifier-length]
/home/runner/work/aprg/aprg/ZZZ_OldProjects/SackReader/SackReader/src/CommonTypes.hpp:114:8: warning: constructor does not initialize these fields: isUsedInIfs [cppcoreguidelines-pro-type-member-init,hicpp-member-init]
/home/runner/work/aprg/aprg/ZZZ_OldProjects/SackReader/SackReader/src/CommonTypes.hpp:129:51: warning: parameter name 'in' is too short, expected at least 3 characters [readability-identifier-length]
/home/runner/work/aprg/aprg/ZZZ_OldProjects/SackReader/SackReader/src/CommonTypes.hpp:132:8: warning: constructor does not initialize these fields: isUsedInIfs [cppcoreguidelines-pro-type-member-init,hicpp-member-init]
/home/runner/work/aprg/aprg/ZZZ_OldProjects/SackReader/SackReader/src/CommonTypes.hpp:148:51: warning: parameter name 'in' is too short, expected at least 3 characters [readability-identifier-length]
/home/runner/work/aprg/aprg/ZZZ_OldProjects/SackReader/SackReader/src/Database.cpp:13:16: warning: method 'saveDatabaseToFile' can be made const [readability-make-member-function-const]
/home/runner/work/aprg/aprg/ZZZ_OldProjects/SackReader/SackReader/src/Database.cpp:53:12: error: Uninitialized struct member: result.isUsedInIfs [uninitStructMember]
/home/runner/work/aprg/aprg/ZZZ_OldProjects/SackReader/SackReader/src/Database.cpp:61:12: error: Uninitialized struct member: result.isUsedInIfs [uninitStructMember]
/home/runner/work/aprg/aprg/ZZZ_OldProjects/SackReader/SackReader/src/Database.cpp:77:12: error: Uninitialized struct member: result.isMessage [uninitStructMember]
/home/runner/work/aprg/aprg/ZZZ_OldProjects/SackReader/SackReader/src/Database.cpp:77:12: error: Uninitialized struct member: result.isUsedInIfs [uninitStructMember]
/home/runner/work/aprg/aprg/ZZZ_OldProjects/SackReader/SackReader/src/Database.cpp:86:12: error: Uninitialized struct member: result.isAnArray [uninitStructMember]
/home/runner/work/aprg/aprg/ZZZ_OldProjects/SackReader/SackReader/src/Database.cpp:94:12: error: Uninitialized struct member: result.isUsedInIfs [uninitStructMember]
/home/runner/work/aprg/aprg/ZZZ_OldProjects/SackReader/SackReader/src/Database.cpp:110:12: error: Uninitialized struct member: result.isUsedInIfs [uninitStructMember]
/home/runner/work/aprg/aprg/ZZZ_OldProjects/SackReader/SackReader/src/Database.cpp:118:12: error: Uninitialized struct member: result.isAnArray [uninitStructMember]
/home/runner/work/aprg/aprg/ZZZ_OldProjects/SackReader/SackReader/src/Database.cpp:126:12: error: Uninitialized struct member: result.isUsedInIfs [uninitStructMember]
/home/runner/work/aprg/aprg/ZZZ_OldProjects/SackReader/SackReader/src/Database.cpp:53:12: error: Uninitialized variable: result.isUsedInIfs [uninitvar]
/home/runner/work/aprg/aprg/ZZZ_OldProjects/SackReader/SackReader/src/Database.cpp:61:12: error: Uninitialized variable: result.isUsedInIfs [uninitvar]
/home/runner/work/aprg/aprg/ZZZ_OldProjects/SackReader/SackReader/src/Database.cpp:77:12: error: Uninitialized variables: result.isMessage, result.isUsedInIfs [uninitvar]
/home/runner/work/aprg/aprg/ZZZ_OldProjects/SackReader/SackReader/src/Database.cpp:86:12: error: Uninitialized variable: result.isAnArray [uninitvar]
/home/runner/work/aprg/aprg/ZZZ_OldProjects/SackReader/SackReader/src/Database.cpp:94:12: error: Uninitialized variable: result.isUsedInIfs [uninitvar]
/home/runner/work/aprg/aprg/ZZZ_OldProjects/SackReader/SackReader/src/Database.cpp:110:12: error: Uninitialized variable: result.isUsedInIfs [uninitvar]
/home/runner/work/aprg/aprg/ZZZ_OldProjects/SackReader/SackReader/src/Database.cpp:118:12: error: Uninitialized variable: result.isAnArray [uninitvar]
/home/runner/work/aprg/aprg/ZZZ_OldProjects/SackReader/SackReader/src/Database.cpp:126:12: error: Uninitialized variable: result.isUsedInIfs [uninitvar]
/home/runner/work/aprg/aprg/ZZZ_OldProjects/SackReader/SackReader/src/SackFileReader/CommentStateMachine.hpp:23:10: warning: annotate this function with 'override' or (rarely) 'final' [cppcoreguidelines-explicit-virtual-functions,hicpp-use-override,modernize-use-override]
/home/runner/work/aprg/aprg/ZZZ_OldProjects/SackReader/SackReader/src/CommonTypes.hpp:26:51: warning: parameter name 'in' is too short, expected at least 3 characters [readability-identifier-length]
/home/runner/work/aprg/aprg/ZZZ_OldProjects/SackReader/SackReader/src/CommonTypes.hpp:41:51: warning: parameter name 'in' is too short, expected at least 3 characters [readability-identifier-length]
/home/runner/work/aprg/aprg/ZZZ_OldProjects/SackReader/SackReader/src/CommonTypes.hpp:56:51: warning: parameter name 'in' is too short, expected at least 3 characters [readability-identifier-length]
/home/runner/work/aprg/aprg/ZZZ_OldProjects/SackReader/SackReader/src/CommonTypes.hpp:72:51: warning: parameter name 'in' is too short, expected at least 3 characters [readability-identifier-length]
/home/runner/work/aprg/aprg/ZZZ_OldProjects/SackReader/SackReader/src/CommonTypes.hpp:91:51: warning: parameter name 'in' is too short, expected at least 3 characters [readability-identifier-length]
/home/runner/work/aprg/aprg/ZZZ_OldProjects/SackReader/SackReader/src/CommonTypes.hpp:111:51: warning: parameter name 'in' is too short, expected at least 3 characters [readability-identifier-length]
/home/runner/work/aprg/aprg/ZZZ_OldProjects/SackReader/SackReader/src/CommonTypes.hpp:129:51: warning: parameter name 'in' is too short, expected at least 3 characters [readability-identifier-length]
/home/runner/work/aprg/aprg/ZZZ_OldProjects/SackReader/SackReader/src/CommonTypes.hpp:132:8: warning: constructor does not initialize these fields: isUsedInIfs [cppcoreguidelines-pro-type-member-init,hicpp-member-init]
/home/runner/work/aprg/aprg/ZZZ_OldProjects/SackReader/SackReader/src/CommonTypes.hpp:148:51: warning: parameter name 'in' is too short, expected at least 3 characters [readability-identifier-length]
/home/runner/work/aprg/aprg/ZZZ_OldProjects/SackReader/SackReader/src/LyxGenerator.cpp:359:20: warning: function 'saveDisplayTable' has cognitive complexity of 46 (threshold 25) [readability-function-cognitive-complexity]
/home/runner/work/aprg/aprg/ZZZ_OldProjects/SackReader/SackReader/src/LyxGenerator.cpp:378:72: warning: 1st argument 'row' (passed to 'columnIndex') looks like it might be swapped with the 2nd, 'column' (passed to 'rowIndex') [readability-suspicious-call-argument]
/home/runner/work/aprg/aprg/ZZZ_OldProjects/SackReader/SackReader/src/LyxGenerator.cpp:402:107: warning: repeated branch in conditional chain [bugprone-branch-clone]
/home/runner/work/aprg/aprg/ZZZ_OldProjects/SackReader/SackReader/src/LyxGenerator.cpp:422:17: warning: string concatenation results in allocation of unnecessary temporary strings; consider using 'operator+=' or 'string::append()' instead [performance-inefficient-string-concatenation]
/home/runner/work/aprg/aprg/ZZZ_OldProjects/SackReader/SackReader/src/LyxGenerator.cpp:427:37: warning: string concatenation results in allocation of unnecessary temporary strings; consider using 'operator+=' or 'string::append()' instead [performance-inefficient-string-concatenation]
/home/runner/work/aprg/aprg/ZZZ_OldProjects/SackReader/SackReader/src/LyxGenerator.cpp:462:32: warning: string concatenation results in allocation of unnecessary temporary strings; consider using 'operator+=' or 'string::append()' instead [performance-inefficient-string-concatenation]
/home/runner/work/aprg/aprg/ZZZ_OldProjects/SackReader/SackReader/src/LyxGenerator.cpp:480:17: warning: string concatenation results in allocation of unnecessary temporary strings; consider using 'operator+=' or 'string::append()' instead [performance-inefficient-string-concatenation]
/home/runner/work/aprg/aprg/ZZZ_OldProjects/SackReader/SackReader/src/LyxGenerator.cpp:484:33: warning: string concatenation results in allocation of unnecessary temporary strings; consider using 'operator+=' or 'string::append()' instead [performance-inefficient-string-concatenation]
/home/runner/work/aprg/aprg/ZZZ_OldProjects/SackReader/SackReader/src/LyxGenerator.hpp:24:10: warning: function 'alba::LyxGenerator::saveMessageDefinitionSubsubsection' has a definition with different parameter names [readability-inconsistent-declaration-parameter-name]
/home/runner/work/aprg/aprg/ZZZ_OldProjects/SackReader/SackReader/src/LyxGenerator.hpp:29:10: warning: function 'alba::LyxGenerator::saveConstantDefinitionSubsubsection' has a definition with different parameter names [readability-inconsistent-declaration-parameter-name]
/home/runner/work/aprg/aprg/ZZZ_OldProjects/SackReader/SackReader/src/LyxGenerator.hpp:44:17: warning: function 'alba::LyxGenerator::saveDisplayTable' has a definition with different parameter names [readability-inconsistent-declaration-parameter-name]
/home/runner/work/aprg/aprg/ZZZ_OldProjects/SackReader/SackReader/src/LyxGenerator.hpp:45:10: warning: function 'alba::LyxGenerator::generateStructureForDisplayTablesIfNeeded' has a definition with different parameter names [readability-inconsistent-declaration-parameter-name]
/home/runner/work/aprg/aprg/ZZZ_OldProjects/SackReader/SackReader/src/LyxGenerator.cpp:445:45: style: Consider using std::transform algorithm instead of a raw loop. [useStlAlgorithm]
/home/runner/work/aprg/aprg/ZZZ_OldProjects/SackReader/SackReader/src/CommonTypes.hpp:26:51: warning: parameter name 'in' is too short, expected at least 3 characters [readability-identifier-length]
/home/runner/work/aprg/aprg/ZZZ_OldProjects/SackReader/SackReader/src/CommonTypes.hpp:41:51: warning: parameter name 'in' is too short, expected at least 3 characters [readability-identifier-length]
/home/runner/work/aprg/aprg/ZZZ_OldProjects/SackReader/SackReader/src/CommonTypes.hpp:56:51: warning: parameter name 'in' is too short, expected at least 3 characters [readability-identifier-length]
/home/runner/work/aprg/aprg/ZZZ_OldProjects/SackReader/SackReader/src/CommonTypes.hpp:72:51: warning: parameter name 'in' is too short, expected at least 3 characters [readability-identifier-length]
/home/runner/work/aprg/aprg/ZZZ_OldProjects/SackReader/SackReader/src/CommonTypes.hpp:91:51: warning: parameter name 'in' is too short, expected at least 3 characters [readability-identifier-length]
/home/runner/work/aprg/aprg/ZZZ_OldProjects/SackReader/SackReader/src/CommonTypes.hpp:111:51: warning: parameter name 'in' is too short, expected at least 3 characters [readability-identifier-length]
/home/runner/work/aprg/aprg/ZZZ_OldProjects/SackReader/SackReader/src/CommonTypes.hpp:129:51: warning: parameter name 'in' is too short, expected at least 3 characters [readability-identifier-length]
/home/runner/work/aprg/aprg/ZZZ_OldProjects/SackReader/SackReader/src/CommonTypes.hpp:148:51: warning: parameter name 'in' is too short, expected at least 3 characters [readability-identifier-length]
/home/runner/work/aprg/aprg/ZZZ_OldProjects/SackReader/SackReader/src/SackFileReader/CommentStateMachine.hpp:11:8: warning: constructor does not initialize these fields: isNewLine [cppcoreguidelines-pro-type-member-init,hicpp-member-init]
/home/runner/work/aprg/aprg/ZZZ_OldProjects/SackReader/SackReader/src/SackFileReader/CommentStateMachine.hpp:23:10: warning: annotate this function with 'override' or (rarely) 'final' [cppcoreguidelines-explicit-virtual-functions,hicpp-use-override,modernize-use-override]
/home/runner/work/aprg/aprg/ZZZ_OldProjects/SackReader/SackReader/src/SackFileReader/SackFileReader.hpp:10:10: warning: function 'alba::SackFileReader::readFile' has a definition with different parameter names [readability-inconsistent-declaration-parameter-name]
/home/runner/work/aprg/aprg/ZZZ_OldProjects/SackReader/SackReader/src/SackFileReader/SackFileReaderStateMachine.hpp:142:8: warning: constructor does not initialize these fields: isInMultilineComment, isNotInComment [cppcoreguidelines-pro-type-member-init,hicpp-member-init]
/home/runner/work/aprg/aprg/ZZZ_OldProjects/SackReader/SackReader/src/SackFileReader/SackFileReaderStateMachine.hpp:174:10: warning: annotate this function with 'override' or (rarely) 'final' [cppcoreguidelines-explicit-virtual-functions,hicpp-use-override,modernize-use-override]
/home/runner/work/aprg/aprg/ZZZ_OldProjects/SackReader/SackReader/src/CommonTypes.hpp:11:8: warning: constructor does not initialize these fields: isUsedInIfs [cppcoreguidelines-pro-type-member-init,hicpp-member-init]
/home/runner/work/aprg/aprg/ZZZ_OldProjects/SackReader/SackReader/src/CommonTypes.hpp:26:51: warning: parameter name 'in' is too short, expected at least 3 characters [readability-identifier-length]
/home/runner/work/aprg/aprg/ZZZ_OldProjects/SackReader/SackReader/src/CommonTypes.hpp:29:8: warning: constructor does not initialize these fields: isUsedInIfs [cppcoreguidelines-pro-type-member-init,hicpp-member-init]
/home/runner/work/aprg/aprg/ZZZ_OldProjects/SackReader/SackReader/src/CommonTypes.hpp:41:51: warning: parameter name 'in' is too short, expected at least 3 characters [readability-identifier-length]
/home/runner/work/aprg/aprg/ZZZ_OldProjects/SackReader/SackReader/src/CommonTypes.hpp:56:51: warning: parameter name 'in' is too short, expected at least 3 characters [readability-identifier-length]
/home/runner/work/aprg/aprg/ZZZ_OldProjects/SackReader/SackReader/src/CommonTypes.hpp:59:8: warning: constructor does not initialize these fields: isUsedInIfs [cppcoreguidelines-pro-type-member-init,hicpp-member-init]
/home/runner/work/aprg/aprg/ZZZ_OldProjects/SackReader/SackReader/src/CommonTypes.hpp:72:51: warning: parameter name 'in' is too short, expected at least 3 characters [readability-identifier-length]
/home/runner/work/aprg/aprg/ZZZ_OldProjects/SackReader/SackReader/src/CommonTypes.hpp:75:8: warning: constructor does not initialize these fields: isAnArray [cppcoreguidelines-pro-type-member-init,hicpp-member-init]
/home/runner/work/aprg/aprg/ZZZ_OldProjects/SackReader/SackReader/src/CommonTypes.hpp:91:51: warning: parameter name 'in' is too short, expected at least 3 characters [readability-identifier-length]
/home/runner/work/aprg/aprg/ZZZ_OldProjects/SackReader/SackReader/src/CommonTypes.hpp:94:8: warning: constructor does not initialize these fields: isMessage, isUsedInIfs [cppcoreguidelines-pro-type-member-init,hicpp-member-init]
/home/runner/work/aprg/aprg/ZZZ_OldProjects/SackReader/SackReader/src/CommonTypes.hpp:111:51: warning: parameter name 'in' is too short, expected at least 3 characters [readability-identifier-length]
/home/runner/work/aprg/aprg/ZZZ_OldProjects/SackReader/SackReader/src/CommonTypes.hpp:114:8: warning: constructor does not initialize these fields: isUsedInIfs [cppcoreguidelines-pro-type-member-init,hicpp-member-init]
/home/runner/work/aprg/aprg/ZZZ_OldProjects/SackReader/SackReader/src/CommonTypes.hpp:129:51: warning: parameter name 'in' is too short, expected at least 3 characters [readability-identifier-length]
/home/runner/work/aprg/aprg/ZZZ_OldProjects/SackReader/SackReader/src/CommonTypes.hpp:132:8: warning: constructor does not initialize these fields: isUsedInIfs [cppcoreguidelines-pro-type-member-init,hicpp-member-init]
/home/runner/work/aprg/aprg/ZZZ_OldProjects/SackReader/SackReader/src/CommonTypes.hpp:148:51: warning: parameter name 'in' is too short, expected at least 3 characters [readability-identifier-length]
/home/runner/work/aprg/aprg/ZZZ_OldProjects/SackReader/SackReader/src/SackFileReader/SackFileReaderStateMachine.cpp:10:14: warning: use '= default' to define a trivial default constructor [hicpp-use-equals-default,modernize-use-equals-default]
/home/runner/work/aprg/aprg/ZZZ_OldProjects/SackReader/SackReader/src/SackFileReader/SackFileReaderStateMachine.cpp:28:1: warning: constructor does not initialize these fields: m_isNextLineNeeded, m_parameterDescriptionType [cppcoreguidelines-pro-type-member-init,hicpp-member-init]
/home/runner/work/aprg/aprg/ZZZ_OldProjects/SackReader/SackReader/src/SackFileReader/SackFileReaderStateMachine.hpp:174:10: warning: annotate this function with 'override' or (rarely) 'final' [cppcoreguidelines-explicit-virtual-functions,hicpp-use-override,modernize-use-override]
/home/runner/work/aprg/aprg/ZZZ_OldProjects/SackReader/SackReader/src/SackFileReader/SackFileReaderStateMachine.cpp:28:29: warning: Member variable 'SackFileReaderStateMachine::m_isNextLineNeeded' is not initialized in the constructor. [uninitMemberVar]
/home/runner/work/aprg/aprg/ZZZ_OldProjects/SackReader/SackReader/src/SackFileReader/SackFileReaderStateMachine.cpp:28:29: warning: Member variable 'SackFileReaderStateMachine::m_constantDetails' is not initialized in the constructor. [uninitMemberVar]
/home/runner/work/aprg/aprg/ZZZ_OldProjects/SackReader/SackReader/src/SackFileReader/SackFileReaderStateMachine.cpp:28:29: warning: Member variable 'SackFileReaderStateMachine::m_typedefDetails' is not initialized in the constructor. [uninitMemberVar]
/home/runner/work/aprg/aprg/ZZZ_OldProjects/SackReader/SackReader/src/SackFileReader/SackFileReaderStateMachine.cpp:28:29: warning: Member variable 'SackFileReaderStateMachine::m_structureDetails' is not initialized in the constructor. [uninitMemberVar]
/home/runner/work/aprg/aprg/ZZZ_OldProjects/SackReader/SackReader/src/SackFileReader/SackFileReaderStateMachine.cpp:28:29: warning: Member variable 'SackFileReaderStateMachine::m_unionDetails' is not initialized in the constructor. [uninitMemberVar]
/home/runner/work/aprg/aprg/ZZZ_OldProjects/SackReader/SackReader/src/SackFileReader/SackFileReaderStateMachine.cpp:28:29: warning: Member variable 'SackFileReaderStateMachine::m_parameterDetails' is not initialized in the constructor. [uninitMemberVar]
/home/runner/work/aprg/aprg/ZZZ_OldProjects/SackReader/SackReader/src/SackFileReader/SackFileReaderStateMachine.cpp:28:29: warning: Member variable 'SackFileReaderStateMachine::m_enumDetails' is not initialized in the constructor. [uninitMemberVar]
/home/runner/work/aprg/aprg/ZZZ_OldProjects/SackReader/SackReader/src/SackFileReader/SackFileReaderStateMachine.cpp:28:29: warning: Member variable 'SackFileReaderStateMachine::m_parameterDescriptionType' is not initialized in the constructor. [uninitMemberVar]
/home/runner/work/aprg/aprg/ZZZ_OldProjects/SackReader/SackReader/src/CommonTypes.hpp:11:8: warning: constructor does not initialize these fields: isUsedInIfs [cppcoreguidelines-pro-type-member-init,hicpp-member-init]
/home/runner/work/aprg/aprg/ZZZ_OldProjects/SackReader/SackReader/src/CommonTypes.hpp:26:51: warning: parameter name 'in' is too short, expected at least 3 characters [readability-identifier-length]
/home/runner/work/aprg/aprg/ZZZ_OldProjects/SackReader/SackReader/src/CommonTypes.hpp:41:51: warning: parameter name 'in' is too short, expected at least 3 characters [readability-identifier-length]
/home/runner/work/aprg/aprg/ZZZ_OldProjects/SackReader/SackReader/src/CommonTypes.hpp:56:51: warning: parameter name 'in' is too short, expected at least 3 characters [readability-identifier-length]
/home/runner/work/aprg/aprg/ZZZ_OldProjects/SackReader/SackReader/src/CommonTypes.hpp:59:8: warning: constructor does not initialize these fields: isUsedInIfs [cppcoreguidelines-pro-type-member-init,hicpp-member-init]
/home/runner/work/aprg/aprg/ZZZ_OldProjects/SackReader/SackReader/src/CommonTypes.hpp:72:51: warning: parameter name 'in' is too short, expected at least 3 characters [readability-identifier-length]
/home/runner/work/aprg/aprg/ZZZ_OldProjects/SackReader/SackReader/src/CommonTypes.hpp:75:8: warning: constructor does not initialize these fields: isAnArray [cppcoreguidelines-pro-type-member-init,hicpp-member-init]
/home/runner/work/aprg/aprg/ZZZ_OldProjects/SackReader/SackReader/src/CommonTypes.hpp:91:51: warning: parameter name 'in' is too short, expected at least 3 characters [readability-identifier-length]
/home/runner/work/aprg/aprg/ZZZ_OldProjects/SackReader/SackReader/src/CommonTypes.hpp:94:8: warning: constructor does not initialize these fields: isMessage, isUsedInIfs [cppcoreguidelines-pro-type-member-init,hicpp-member-init]
/home/runner/work/aprg/aprg/ZZZ_OldProjects/SackReader/SackReader/src/CommonTypes.hpp:111:51: warning: parameter name 'in' is too short, expected at least 3 characters [readability-identifier-length]
/home/runner/work/aprg/aprg/ZZZ_OldProjects/SackReader/SackReader/src/CommonTypes.hpp:114:8: warning: constructor does not initialize these fields: isUsedInIfs [cppcoreguidelines-pro-type-member-init,hicpp-member-init]
/home/runner/work/aprg/aprg/ZZZ_OldProjects/SackReader/SackReader/src/CommonTypes.hpp:129:51: warning: parameter name 'in' is too short, expected at least 3 characters [readability-identifier-length]
/home/runner/work/aprg/aprg/ZZZ_OldProjects/SackReader/SackReader/src/CommonTypes.hpp:132:8: warning: constructor does not initialize these fields: isUsedInIfs [cppcoreguidelines-pro-type-member-init,hicpp-member-init]
/home/runner/work/aprg/aprg/ZZZ_OldProjects/SackReader/SackReader/src/CommonTypes.hpp:148:51: warning: parameter name 'in' is too short, expected at least 3 characters [readability-identifier-length]
/home/runner/work/aprg/aprg/ZZZ_OldProjects/SackReader/SackReader/src/SackReader.cpp:16:44: warning: pass by value and use std::move [modernize-pass-by-value]
/home/runner/work/aprg/aprg/ZZZ_OldProjects/SackReader/SackReader/src/SackReader.cpp:67:23: warning: variable 'currentDefinitionType' is not initialized [cppcoreguidelines-init-variables]
/home/runner/work/aprg/aprg/ZZZ_OldProjects/SackReader/SackReader/src/SackReader.hpp:34:10: warning: function 'alba::SackReader::markConstantAsNeededForIfs' has a definition with different parameter names [readability-inconsistent-declaration-parameter-name]
/home/runner/work/aprg/aprg/ZZZ_OldProjects/SackReader/SackReader/src/SackReader.hpp:37:10: warning: function 'alba::SackReader::readFileUsingTypeName' has a definition with different parameter names [readability-inconsistent-declaration-parameter-name]
/home/runner/work/aprg/aprg/ZZZ_OldProjects/SackReader/SackReader/src/SackReader.hpp:48:1: warning: redundant access specifier has the same accessibility as the previous access specifier [readability-redundant-access-specifiers]
/home/runner/work/aprg/aprg/ZZZ_OldProjects/SackReader/SackReader/src/SackReader.cpp:187:14: warning: Missing reference in range-for with non trivial type (alba::EnumDetails::ParameterPair) [-Wclazy-range-loop-reference]
/home/runner/work/aprg/aprg/ZZZ_OldProjects/SackReader/SackReader/src/CommonTypes.hpp:11:8: warning: constructor does not initialize these fields: isUsedInIfs [cppcoreguidelines-pro-type-member-init,hicpp-member-init]
/home/runner/work/aprg/aprg/ZZZ_OldProjects/SackReader/SackReader/src/CommonTypes.hpp:26:51: warning: parameter name 'in' is too short, expected at least 3 characters [readability-identifier-length]
/home/runner/work/aprg/aprg/ZZZ_OldProjects/SackReader/SackReader/src/CommonTypes.hpp:29:8: warning: constructor does not initialize these fields: isUsedInIfs [cppcoreguidelines-pro-type-member-init,hicpp-member-init]
/home/runner/work/aprg/aprg/ZZZ_OldProjects/SackReader/SackReader/src/CommonTypes.hpp:41:51: warning: parameter name 'in' is too short, expected at least 3 characters [readability-identifier-length]
/home/runner/work/aprg/aprg/ZZZ_OldProjects/SackReader/SackReader/src/CommonTypes.hpp:56:51: warning: parameter name 'in' is too short, expected at least 3 characters [readability-identifier-length]
/home/runner/work/aprg/aprg/ZZZ_OldProjects/SackReader/SackReader/src/CommonTypes.hpp:59:8: warning: constructor does not initialize these fields: isUsedInIfs [cppcoreguidelines-pro-type-member-init,hicpp-member-init]
/home/runner/work/aprg/aprg/ZZZ_OldProjects/SackReader/SackReader/src/CommonTypes.hpp:72:51: warning: parameter name 'in' is too short, expected at least 3 characters [readability-identifier-length]
/home/runner/work/aprg/aprg/ZZZ_OldProjects/SackReader/SackReader/src/CommonTypes.hpp:75:8: warning: constructor does not initialize these fields: isAnArray [cppcoreguidelines-pro-type-member-init,hicpp-member-init]
/home/runner/work/aprg/aprg/ZZZ_OldProjects/SackReader/SackReader/src/CommonTypes.hpp:91:51: warning: parameter name 'in' is too short, expected at least 3 characters [readability-identifier-length]
/home/runner/work/aprg/aprg/ZZZ_OldProjects/SackReader/SackReader/src/CommonTypes.hpp:94:8: warning: constructor does not initialize these fields: isMessage, isUsedInIfs [cppcoreguidelines-pro-type-member-init,hicpp-member-init]
/home/runner/work/aprg/aprg/ZZZ_OldProjects/SackReader/SackReader/src/CommonTypes.hpp:111:51: warning: parameter name 'in' is too short, expected at least 3 characters [readability-identifier-length]
/home/runner/work/aprg/aprg/ZZZ_OldProjects/SackReader/SackReader/src/CommonTypes.hpp:129:51: warning: parameter name 'in' is too short, expected at least 3 characters [readability-identifier-length]
/home/runner/work/aprg/aprg/ZZZ_OldProjects/SackReader/SackReader/src/CommonTypes.hpp:148:51: warning: parameter name 'in' is too short, expected at least 3 characters [readability-identifier-length]
/home/runner/work/aprg/aprg/ZZZ_OldProjects/SackReader/SackReader/src/CommonTypes.hpp:26:51: warning: parameter name 'in' is too short, expected at least 3 characters [readability-identifier-length]
/home/runner/work/aprg/aprg/ZZZ_OldProjects/SackReader/SackReader/src/CommonTypes.hpp:41:51: warning: parameter name 'in' is too short, expected at least 3 characters [readability-identifier-length]
/home/runner/work/aprg/aprg/ZZZ_OldProjects/SackReader/SackReader/src/CommonTypes.hpp:56:51: warning: parameter name 'in' is too short, expected at least 3 characters [readability-identifier-length]
/home/runner/work/aprg/aprg/ZZZ_OldProjects/SackReader/SackReader/src/CommonTypes.hpp:72:51: warning: parameter name 'in' is too short, expected at least 3 characters [readability-identifier-length]
/home/runner/work/aprg/aprg/ZZZ_OldProjects/SackReader/SackReader/src/CommonTypes.hpp:91:51: warning: parameter name 'in' is too short, expected at least 3 characters [readability-identifier-length]
/home/runner/work/aprg/aprg/ZZZ_OldProjects/SackReader/SackReader/src/CommonTypes.hpp:111:51: warning: parameter name 'in' is too short, expected at least 3 characters [readability-identifier-length]
/home/runner/work/aprg/aprg/ZZZ_OldProjects/SackReader/SackReader/src/CommonTypes.hpp:129:51: warning: parameter name 'in' is too short, expected at least 3 characters [readability-identifier-length]
/home/runner/work/aprg/aprg/ZZZ_OldProjects/SackReader/SackReader/src/CommonTypes.hpp:148:51: warning: parameter name 'in' is too short, expected at least 3 characters [readability-identifier-length]
/home/runner/work/aprg/aprg/ZZZ_OldProjects/SackReader/SackReader/src/SackReader.hpp:48:1: warning: redundant access specifier has the same accessibility as the previous access specifier [readability-redundant-access-specifiers]
/home/runner/work/aprg/aprg/ZZZ_OldProjects/SackReader/SackReader/src/CommonTypes.hpp:26:51: warning: parameter name 'in' is too short, expected at least 3 characters [readability-identifier-length]
/home/runner/work/aprg/aprg/ZZZ_OldProjects/SackReader/SackReader/src/CommonTypes.hpp:41:51: warning: parameter name 'in' is too short, expected at least 3 characters [readability-identifier-length]
/home/runner/work/aprg/aprg/ZZZ_OldProjects/SackReader/SackReader/src/CommonTypes.hpp:56:51: warning: parameter name 'in' is too short, expected at least 3 characters [readability-identifier-length]
/home/runner/work/aprg/aprg/ZZZ_OldProjects/SackReader/SackReader/src/CommonTypes.hpp:72:51: warning: parameter name 'in' is too short, expected at least 3 characters [readability-identifier-length]
/home/runner/work/aprg/aprg/ZZZ_OldProjects/SackReader/SackReader/src/CommonTypes.hpp:91:51: warning: parameter name 'in' is too short, expected at least 3 characters [readability-identifier-length]
/home/runner/work/aprg/aprg/ZZZ_OldProjects/SackReader/SackReader/src/CommonTypes.hpp:111:51: warning: parameter name 'in' is too short, expected at least 3 characters [readability-identifier-length]
/home/runner/work/aprg/aprg/ZZZ_OldProjects/SackReader/SackReader/src/CommonTypes.hpp:129:51: warning: parameter name 'in' is too short, expected at least 3 characters [readability-identifier-length]
/home/runner/work/aprg/aprg/ZZZ_OldProjects/SackReader/SackReader/src/CommonTypes.hpp:148:51: warning: parameter name 'in' is too short, expected at least 3 characters [readability-identifier-length]
/home/runner/work/aprg/aprg/ZZZ_OldProjects/SackReader/SackReader/tst/SackFileReader/SackFileReader_unit.cpp:37:26: warning: avoid using "_" in test name "IfAaSysComGw_Defs" according to Googletest FAQ [google-readability-avoid-underscore-in-googletest-name]
DONE!
